#
# A fatal error has been detected by the Java Runtime Environment:
#
#  SIGILL (0x4) at pc=0x00007fff4c586a67, pid=23091, tid=775
#
# JRE version: Java(TM) SE Runtime Environment (13.0.1+9) (build 13.0.1+9)
# Java VM: Java HotSpot(TM) 64-Bit Server VM (13.0.1+9, mixed mode, sharing, tiered, compressed oops, g1 gc, bsd-amd64)
# Problematic frame:
# C  [AppKit+0x41ea67]  -[NSApplication _crashOnException:]+0x6d
#
# No core dump will be written. Core dumps have been disabled. To enable core dumping, try "ulimit -c unlimited" before starting Java again
#
# If you would like to submit a bug report, please visit:
#   http://bugreport.java.com/bugreport/crash.jsp
# The crash happened outside the Java Virtual Machine in native code.
# See problematic frame for where to report the bug.
#

---------------  S U M M A R Y ------------

Command Line: -Djava.library.path=library/native/macosx -javaagent:/Applications/IntelliJ IDEA.app/Contents/lib/idea_rt.jar=52419:/Applications/IntelliJ IDEA.app/Contents/bin -Dfile.encoding=UTF-8 com.company.Main

Host: MacBookPro14,1 x86_64 2300 MHz, 4 cores, 8G, Darwin 18.6.0
Time: Sun Jan 19 14:54:18 2020 CET elapsed time: 0 seconds (0d 0h 0m 0s)

---------------  T H R E A D  ---------------

Current thread (0x00007f9b750a5000):  JavaThread "AppKit Thread" daemon [_thread_in_native, id=775, stack(0x00007ffeed4ff000,0x00007ffeedcff000)]

Stack: [0x00007ffeed4ff000,0x00007ffeedcff000],  sp=0x00007ffeedcfa9e0,  free space=8174k
Native frames: (J=compiled Java code, A=aot compiled Java code, j=interpreted, Vv=VM code, C=native code)
C  [AppKit+0x41ea67]  -[NSApplication _crashOnException:]+0x6d
C  [AppKit+0x11bc84]  __65+[CATransaction(NSCATransaction) NS_setFlushesWithDisplayRefresh]_block_invoke+0x349
C  [CoreFoundation+0x98928]  __CFRUNLOOP_IS_CALLING_OUT_TO_AN_OBSERVER_CALLBACK_FUNCTION__+0x17
C  [CoreFoundation+0x9885d]  __CFRunLoopDoObservers+0x1c3
C  [CoreFoundation+0x3af80]  __CFRunLoopRun+0x470
C  [CoreFoundation+0x3a8be]  CFRunLoopRunSpecific+0x1c7
C  [HIToolbox+0xa96b]  RunCurrentEventLoopInMode+0x124
C  [HIToolbox+0xa6a5]  ReceiveNextEventCommon+0x25b
C  [HIToolbox+0xa436]  _BlockUntilNextEventMatchingListInModeWithFilter+0x40
C  [AppKit+0x1a987]  _DPSNextEvent+0x3c5
C  [AppKit+0x1971f]  -[NSApplication(NSEvent) _nextEventMatchingEventMask:untilDate:inMode:dequeue:]+0x551
C  [libosxapp.dylib+0x29f1]  -[NSApplicationAWT nextEventMatchingMask:untilDate:inMode:dequeue:]+0x79
C  [AppKit+0x1383c]  -[NSApplication run]+0x2bb
C  [libosxapp.dylib+0x2836]  +[NSApplicationAWT runAWTLoopWithApp:]+0xde
C  [libawt_lwawt.dylib+0x3834e]  +[AWTStarter starter:headless:]+0x342
C  [JavaNativeFoundation+0x6fce]  +[JNFRunLoop _performCopiedBlock:]+0x11
C  [Foundation+0xb07f2]  __NSThreadPerformPerform+0x148
C  [CoreFoundation+0x58083]  __CFRUNLOOP_IS_CALLING_OUT_TO_A_SOURCE0_PERFORM_FUNCTION__+0x11
C  [CoreFoundation+0x58029]  __CFRunLoopDoSource0+0x6c
C  [CoreFoundation+0x3b9eb]  __CFRunLoopDoSources0+0xc3
C  [CoreFoundation+0x3afb5]  __CFRunLoopRun+0x4a5
C  [CoreFoundation+0x3a8be]  CFRunLoopRunSpecific+0x1c7
C  [libjli.dylib+0x6619]  CreateExecutionEnvironment+0x18f
C  [libjli.dylib+0x275e]  JLI_Launch+0x54a
C  [java+0xca9]  main+0x16f
C  [libdyld.dylib+0x163d5]  start+0x1


siginfo: si_signo: 4 (SIGILL), si_code: 1 (ILL_ILLOPC), si_addr: 0x00007fff4c586a67

Register to memory mapping:

RAX=0x00007f9b7597c200 points into unknown readable memory: 30 20 20 20 43 6f 72 65
RBX=0x00007f9b73eeea90 points into unknown readable memory: 81 6d e9 a9 ff ff 1d 01
RCX=0x0 is NULL
RDX=0x0000000000000e31 is an unknown value
RSP=0x00007ffeedcfa9e0 is pointing into the stack for thread: 0x00007f9b750a5000
RBP=0x00007ffeedcfa9f0 is pointing into the stack for thread: 0x00007f9b750a5000
RSI=0x00007ffeedcfa580 is pointing into the stack for thread: 0x00007f9b750a5000
RDI=0x0 is NULL
R8 =0x0000000000000031 is an unknown value
R9 =0x0000000000000e00 is an unknown value
R10=0x0000000000000031 is an unknown value
R11=0x00007f9b7597d031 points into unknown readable memory: 00 00 00 00 00 00 00
R12=0x00007f9b7640ba80 points into unknown readable memory: d1 5e e9 a9 ff ff 1d 00
R13=0x00007f9b74803068 points into unknown readable memory: 00 00 00 00 00 00 00 00
R14=0x00007fff7926d680: objc_msgSend+0 in /usr/lib/libobjc.A.dylib at 0x00007fff79267000
R15=0x00007fff4eb67f83: _runLoopObserverWithBlockContext+0 in /System/Library/Frameworks/CoreFoundation.framework/Versions/A/CoreFoundation at 0x00007fff4eac2000


Registers:
RAX=0x00007f9b7597c200, RBX=0x00007f9b73eeea90, RCX=0x0000000000000000, RDX=0x0000000000000e31
RSP=0x00007ffeedcfa9e0, RBP=0x00007ffeedcfa9f0, RSI=0x00007ffeedcfa580, RDI=0x0000000000000000
R8 =0x0000000000000031, R9 =0x0000000000000e00, R10=0x0000000000000031, R11=0x00007f9b7597d031
R12=0x00007f9b7640ba80, R13=0x00007f9b74803068, R14=0x00007fff7926d680, R15=0x00007fff4eb67f83
RIP=0x00007fff4c586a67, EFLAGS=0x0000000000010202, ERR=0x0000000000000000
  TRAPNO=0x0000000000000006

Top of Stack: (sp=0x00007ffeedcfa9e0)
0x00007ffeedcfa9e0:   00007f9b76415260 00007f9b7640bb20
0x00007ffeedcfa9f0:   00007ffeedcfab20 00007fff4c283c84
0x00007ffeedcfaa00:   1624d69ccb2a003c 0000000000000002
0x00007ffeedcfaa10:   00007f9b73d00750 00007f9b73ee0390
0x00007ffeedcfaa20:   00000000000000f8 0000000000000003
0x00007ffeedcfaa30:   00007ffeedcfab30 00007fff4c208a3f
0x00007ffeedcfaa40:   00000001edcfaaa0 00007f9b73f00000
0x00007ffeedcfaa50:   0000000101f1fe00 0000000000000030
0x00007ffeedcfaa60:   00007f9b73f00000 0000000000000005
0x00007ffeedcfaa70:   00007ffeedcfab00 00007fff7abf737e
0x00007ffeedcfaa80:   00007ffeedcfaaa0 00007f9b73ffc080
0x00007ffeedcfaa90:   0000000000000002 0000000101f0b080
0x00007ffeedcfaaa0:   0000000000000003 00007f9b73fac610
0x00007ffeedcfaab0:   0000000200000b40 00007f9b73f00000
0x00007ffeedcfaac0:   00007f9b73fac610 00007f9b73fac640
0x00007ffeedcfaad0:   0000000101f1fe00 0000000000000002
0x00007ffeedcfaae0:   000000002b3100c5 00007f9b7640bb20
0x00007ffeedcfaaf0:   1624d69ccb2a003c 00007f9b7640ba80
0x00007ffeedcfab00:   00007f9b7640bb20 0000000000000002
0x00007ffeedcfab10:   0000000000000000 00007fff4eb67f83
0x00007ffeedcfab20:   00007ffeedcfab30 00007fff4eb5a928
0x00007ffeedcfab30:   00007ffeedcfabe0 00007fff4eb5a85d
0x00007ffeedcfab40:   00007f9b7640ba80 00007f9b73d005d0
0x00007ffeedcfab50:   00007ffeedcfabe0 00007fff4eb5a706
0x00007ffeedcfab60:   0000000500002d8a 00007f9b73d00750
0x00007ffeedcfab70:   00007ffeedcfab40 00007ffeedcfab60
0x00007ffeedcfab80:   00007ffeedcfab40 00007f9b73d00760
0x00007ffeedcfab90:   00007f9b73d005e0 0000000000000002
0x00007ffeedcfaba0:   00007f9b73d005d0 0000000000000001
0x00007ffeedcfabb0:   1624d69ccb2a003c 00007f9b73d005d0
0x00007ffeedcfabc0:   0000000000000001 0000000000000000
0x00007ffeedcfabd0:   0000000000001403 00007f9b73d00750 

Instructions: (pc=0x00007fff4c586a67)
0x00007fff4c586967:   8b 95 28 ff ff ff ff 15 35 e7 f1 5c 48 8b 05 a6
0x00007fff4c586977:   cf f1 5c 48 8b 00 48 3b 45 d0 75 5e 48 81 c4 28
0x00007fff4c586987:   01 00 00 5b 41 5c 41 5d 41 5e 41 5f 5d c3 48 8d
0x00007fff4c586997:   3d fc 03 28 5d 48 8d 35 fd ea f3 5c e8 9e c6 75
0x00007fff4c5869a7:   00 e9 41 fc ff ff 48 8d 3d 54 03 f5 5c 48 8d 15
0x00007fff4c5869b7:   34 07 28 5d 31 f6 31 c9 e8 70 65 be ff e9 5d ff
0x00007fff4c5869c7:   ff ff 48 8d 3d c8 03 28 5d 48 8d 35 c9 ea f3 5c
0x00007fff4c5869d7:   e8 6a c6 75 00 e9 7a fc ff ff e8 92 c4 75 00 48
0x00007fff4c5869e7:   89 c3 e8 24 ca 75 00 48 89 df e8 3a c4 75 00 0f
0x00007fff4c5869f7:   0b 90 90 55 48 89 e5 41 56 53 48 89 d3 48 8b 35
0x00007fff4c586a07:   25 54 20 5d 4c 8b 35 96 e6 f1 5c 48 89 d7 41 ff
0x00007fff4c586a17:   d6 48 89 c1 48 8d 3d 06 f7 f4 5c 31 c0 48 89 ce
0x00007fff4c586a27:   e8 16 0e d7 ff 48 8b 35 2d 77 20 5d 48 89 df 41
0x00007fff4c586a37:   ff d6 48 8b 35 70 8a 20 5d 48 8d 15 01 e1 f4 5c
0x00007fff4c586a47:   48 89 c7 ff 15 58 e6 f1 5c 48 8b 35 11 49 20 5d
0x00007fff4c586a57:   48 89 c7 ff 15 48 e6 f1 5c 48 89 05 a1 00 28 5d
0x00007fff4c586a67:   0f 0b 48 89 c7 e8 7d c9 75 00 31 ff 31 f6 31 c0
0x00007fff4c586a77:   e8 c6 0d d7 ff e8 9d c9 75 00 0f 0b 48 89 c3 e8
0x00007fff4c586a87:   87 c9 75 00 48 89 df e8 9d c3 75 00 0f 0b e8 56
0x00007fff4c586a97:   ca 75 00 90 90 55 48 89 e5 41 57 41 56 41 55 41
0x00007fff4c586aa7:   54 53 48 81 ec 88 00 00 00 4d 89 c6 f2 0f 11 8d
0x00007fff4c586ab7:   68 ff ff ff f2 0f 11 85 70 ff ff ff 49 89 cd 48
0x00007fff4c586ac7:   89 d3 48 8b 35 90 4c 20 5d 48 89 d7 ff 15 cf e5
0x00007fff4c586ad7:   f1 5c 48 83 f8 01 0f 85 f2 01 00 00 31 ff e8 e6
0x00007fff4c586ae7:   b6 75 00 48 89 45 c8 48 8b 35 fb 54 20 5d 4c 8b
0x00007fff4c586af7:   3d ac e5 f1 5c 48 89 df 41 ff d7 48 8b 35 77 4b
0x00007fff4c586b07:   20 5d 48 89 c7 41 ff d7 49 89 c4 48 8b 05 0f 5a
0x00007fff4c586b17:   20 5d 48 89 df 48 89 c3 48 89 c6 41 ff d7 f2 0f
0x00007fff4c586b27:   11 45 a8 f2 0f 11 4d b0 48 8b 35 f2 4a 20 5d 48
0x00007fff4c586b37:   8b 05 8b 82 20 5d 48 89 85 78 ff ff ff 48 8d 05
0x00007fff4c586b47:   45 7c 27 5d 4c 8b 00 ba 44 00 00 00 45 31 c9 4c
0x00007fff4c586b57:   89 65 b8 4c 89 e7 48 89 75 90 4c 89 ad 60 ff ff 


Stack slot to memory mapping:
stack at sp + 0 slots: 0x00007f9b76415260 points into unknown readable memory: 00 2b 2b 43 47 4e 4c 43
stack at sp + 1 slots: 0x00007f9b7640bb20 points into unknown readable memory: 70 11 39 b1 ff 7f 00 00
stack at sp + 2 slots: 0x00007ffeedcfab20 is pointing into the stack for thread: 0x00007f9b750a5000
stack at sp + 3 slots: 0x00007fff4c283c84: __65+[CATransaction(NSCATransaction) NS_setFlushesWithDisplayRefresh]_block_invoke+0x349 in /System/Library/Frameworks/AppKit.framework/Versions/C/AppKit at 0x00007fff4c168000
stack at sp + 4 slots: 0x1624d69ccb2a003c is an unknown value
stack at sp + 5 slots: 0x0000000000000002 is an unknown value
stack at sp + 6 slots: 0x00007f9b73d00750 points into unknown readable memory: d1 5e e9 a9 ff ff 1d 00
stack at sp + 7 slots: 0x00007f9b73ee0390 points into unknown readable memory: 8f 9c 89 27 01 80 3d 00


---------------  P R O C E S S  ---------------

Threads class SMR info:
_java_thread_list=0x00007f9b73c5f300, length=12, elements={
0x00007f9b7480f800, 0x00007f9b74063000, 0x00007f9b75827000, 0x00007f9b75006800,
0x00007f9b75034000, 0x00007f9b7503d800, 0x00007f9b7503e000, 0x00007f9b7503f000,
0x00007f9b75093800, 0x00007f9b74065800, 0x00007f9b750a5000, 0x00007f9b7517e000
}

Java Threads: ( => current thread )
  0x00007f9b7480f800 JavaThread "main" [_thread_in_native, id=6915, stack(0x000070000c23d000,0x000070000c33d000)]
  0x00007f9b74063000 JavaThread "Reference Handler" daemon [_thread_blocked, id=17667, stack(0x000070000c952000,0x000070000ca52000)]
  0x00007f9b75827000 JavaThread "Finalizer" daemon [_thread_blocked, id=16899, stack(0x000070000ca55000,0x000070000cb55000)]
  0x00007f9b75006800 JavaThread "Signal Dispatcher" daemon [_thread_blocked, id=22019, stack(0x000070000cb58000,0x000070000cc58000)]
  0x00007f9b75034000 JavaThread "C2 CompilerThread0" daemon [_thread_blocked, id=43267, stack(0x000070000cc5b000,0x000070000cd5b000)]
  0x00007f9b7503d800 JavaThread "C1 CompilerThread0" daemon [_thread_blocked, id=23043, stack(0x000070000cd5e000,0x000070000ce5e000)]
  0x00007f9b7503e000 JavaThread "Sweeper thread" daemon [_thread_blocked, id=23555, stack(0x000070000ce61000,0x000070000cf61000)]
  0x00007f9b7503f000 JavaThread "Common-Cleaner" daemon [_thread_blocked, id=23811, stack(0x000070000cf64000,0x000070000d064000)]
  0x00007f9b75093800 JavaThread "Monitor Ctrl-Break" daemon [_thread_in_native, id=24323, stack(0x000070000d067000,0x000070000d167000)]
  0x00007f9b74065800 JavaThread "Service Thread" daemon [_thread_blocked, id=41731, stack(0x000070000d16a000,0x000070000d26a000)]
=>0x00007f9b750a5000 JavaThread "AppKit Thread" daemon [_thread_in_native, id=775, stack(0x00007ffeed4ff000,0x00007ffeedcff000)]
  0x00007f9b7517e000 JavaThread "AWT-Shutdown" [_thread_blocked, id=35075, stack(0x000070000d370000,0x000070000d470000)]

Other Threads:
  0x00007f9b74812800 VMThread "VM Thread" [stack: 0x000070000c84f000,0x000070000c94f000] [id=14083]
  0x00007f9b748a3000 WatcherThread [stack: 0x000070000d26d000,0x000070000d36d000] [id=41219]
  0x00007f9b7501e800 GCTaskThread "GC Thread#0" [stack: 0x000070000c340000,0x000070000c440000] [id=11523]
  0x00007f9b7502f800 ConcurrentGCThread "G1 Main Marker" [stack: 0x000070000c443000,0x000070000c543000] [id=11779]
  0x00007f9b75030800 ConcurrentGCThread "G1 Conc#0" [stack: 0x000070000c546000,0x000070000c646000] [id=19203]
  0x00007f9b74053000 ConcurrentGCThread "G1 Refine#0" [stack: 0x000070000c649000,0x000070000c749000] [id=12803]
  0x00007f9b74810800 ConcurrentGCThread "G1 Young RemSet Sampling" [stack: 0x000070000c74c000,0x000070000c84c000] [id=13315]

Threads with active compile tasks:

VM state:not at safepoint (normal execution)

VM Mutex/Monitor currently owned by a thread: None

Heap address: 0x0000000780000000, size: 2048 MB, Compressed Oops mode: Zero based, Oop shift amount: 3
Narrow klass base: 0x0000000800000000, Narrow klass shift: 3
Compressed class space size: 1073741824 Address: 0x0000000800ae0000

Heap:
 garbage-first heap   total 133120K, used 5880K [0x0000000780000000, 0x0000000800000000)
  region size 1024K, 6 young (6144K), 0 survivors (0K)
 Metaspace       used 3256K, capacity 5450K, committed 5760K, reserved 1056768K
  class space    used 302K, capacity 515K, committed 640K, reserved 1048576K
Heap Regions: E=young(eden), S=young(survivor), O=old, HS=humongous(starts), HC=humongous(continues), CS=collection set, F=free, A=archive, TAMS=top-at-mark-start (previous, next)
|   0|0x0000000780000000, 0x0000000780000000, 0x0000000780100000|  0%| F|  |TAMS 0x0000000780000000, 0x0000000780000000| Untracked 
|   1|0x0000000780100000, 0x0000000780100000, 0x0000000780200000|  0%| F|  |TAMS 0x0000000780100000, 0x0000000780100000| Untracked 
|   2|0x0000000780200000, 0x0000000780200000, 0x0000000780300000|  0%| F|  |TAMS 0x0000000780200000, 0x0000000780200000| Untracked 
|   3|0x0000000780300000, 0x0000000780300000, 0x0000000780400000|  0%| F|  |TAMS 0x0000000780300000, 0x0000000780300000| Untracked 
|   4|0x0000000780400000, 0x0000000780400000, 0x0000000780500000|  0%| F|  |TAMS 0x0000000780400000, 0x0000000780400000| Untracked 
|   5|0x0000000780500000, 0x0000000780500000, 0x0000000780600000|  0%| F|  |TAMS 0x0000000780500000, 0x0000000780500000| Untracked 
|   6|0x0000000780600000, 0x0000000780600000, 0x0000000780700000|  0%| F|  |TAMS 0x0000000780600000, 0x0000000780600000| Untracked 
|   7|0x0000000780700000, 0x0000000780700000, 0x0000000780800000|  0%| F|  |TAMS 0x0000000780700000, 0x0000000780700000| Untracked 
|   8|0x0000000780800000, 0x0000000780800000, 0x0000000780900000|  0%| F|  |TAMS 0x0000000780800000, 0x0000000780800000| Untracked 
|   9|0x0000000780900000, 0x0000000780900000, 0x0000000780a00000|  0%| F|  |TAMS 0x0000000780900000, 0x0000000780900000| Untracked 
|  10|0x0000000780a00000, 0x0000000780a00000, 0x0000000780b00000|  0%| F|  |TAMS 0x0000000780a00000, 0x0000000780a00000| Untracked 
|  11|0x0000000780b00000, 0x0000000780b00000, 0x0000000780c00000|  0%| F|  |TAMS 0x0000000780b00000, 0x0000000780b00000| Untracked 
|  12|0x0000000780c00000, 0x0000000780c00000, 0x0000000780d00000|  0%| F|  |TAMS 0x0000000780c00000, 0x0000000780c00000| Untracked 
|  13|0x0000000780d00000, 0x0000000780d00000, 0x0000000780e00000|  0%| F|  |TAMS 0x0000000780d00000, 0x0000000780d00000| Untracked 
|  14|0x0000000780e00000, 0x0000000780e00000, 0x0000000780f00000|  0%| F|  |TAMS 0x0000000780e00000, 0x0000000780e00000| Untracked 
|  15|0x0000000780f00000, 0x0000000780f00000, 0x0000000781000000|  0%| F|  |TAMS 0x0000000780f00000, 0x0000000780f00000| Untracked 
|  16|0x0000000781000000, 0x0000000781000000, 0x0000000781100000|  0%| F|  |TAMS 0x0000000781000000, 0x0000000781000000| Untracked 
|  17|0x0000000781100000, 0x0000000781100000, 0x0000000781200000|  0%| F|  |TAMS 0x0000000781100000, 0x0000000781100000| Untracked 
|  18|0x0000000781200000, 0x0000000781200000, 0x0000000781300000|  0%| F|  |TAMS 0x0000000781200000, 0x0000000781200000| Untracked 
|  19|0x0000000781300000, 0x0000000781300000, 0x0000000781400000|  0%| F|  |TAMS 0x0000000781300000, 0x0000000781300000| Untracked 
|  20|0x0000000781400000, 0x0000000781400000, 0x0000000781500000|  0%| F|  |TAMS 0x0000000781400000, 0x0000000781400000| Untracked 
|  21|0x0000000781500000, 0x0000000781500000, 0x0000000781600000|  0%| F|  |TAMS 0x0000000781500000, 0x0000000781500000| Untracked 
|  22|0x0000000781600000, 0x0000000781600000, 0x0000000781700000|  0%| F|  |TAMS 0x0000000781600000, 0x0000000781600000| Untracked 
|  23|0x0000000781700000, 0x0000000781700000, 0x0000000781800000|  0%| F|  |TAMS 0x0000000781700000, 0x0000000781700000| Untracked 
|  24|0x0000000781800000, 0x0000000781800000, 0x0000000781900000|  0%| F|  |TAMS 0x0000000781800000, 0x0000000781800000| Untracked 
|  25|0x0000000781900000, 0x0000000781900000, 0x0000000781a00000|  0%| F|  |TAMS 0x0000000781900000, 0x0000000781900000| Untracked 
|  26|0x0000000781a00000, 0x0000000781a00000, 0x0000000781b00000|  0%| F|  |TAMS 0x0000000781a00000, 0x0000000781a00000| Untracked 
|  27|0x0000000781b00000, 0x0000000781b00000, 0x0000000781c00000|  0%| F|  |TAMS 0x0000000781b00000, 0x0000000781b00000| Untracked 
|  28|0x0000000781c00000, 0x0000000781c00000, 0x0000000781d00000|  0%| F|  |TAMS 0x0000000781c00000, 0x0000000781c00000| Untracked 
|  29|0x0000000781d00000, 0x0000000781d00000, 0x0000000781e00000|  0%| F|  |TAMS 0x0000000781d00000, 0x0000000781d00000| Untracked 
|  30|0x0000000781e00000, 0x0000000781e00000, 0x0000000781f00000|  0%| F|  |TAMS 0x0000000781e00000, 0x0000000781e00000| Untracked 
|  31|0x0000000781f00000, 0x0000000781f00000, 0x0000000782000000|  0%| F|  |TAMS 0x0000000781f00000, 0x0000000781f00000| Untracked 
|  32|0x0000000782000000, 0x0000000782000000, 0x0000000782100000|  0%| F|  |TAMS 0x0000000782000000, 0x0000000782000000| Untracked 
|  33|0x0000000782100000, 0x0000000782100000, 0x0000000782200000|  0%| F|  |TAMS 0x0000000782100000, 0x0000000782100000| Untracked 
|  34|0x0000000782200000, 0x0000000782200000, 0x0000000782300000|  0%| F|  |TAMS 0x0000000782200000, 0x0000000782200000| Untracked 
|  35|0x0000000782300000, 0x0000000782300000, 0x0000000782400000|  0%| F|  |TAMS 0x0000000782300000, 0x0000000782300000| Untracked 
|  36|0x0000000782400000, 0x0000000782400000, 0x0000000782500000|  0%| F|  |TAMS 0x0000000782400000, 0x0000000782400000| Untracked 
|  37|0x0000000782500000, 0x0000000782500000, 0x0000000782600000|  0%| F|  |TAMS 0x0000000782500000, 0x0000000782500000| Untracked 
|  38|0x0000000782600000, 0x0000000782600000, 0x0000000782700000|  0%| F|  |TAMS 0x0000000782600000, 0x0000000782600000| Untracked 
|  39|0x0000000782700000, 0x0000000782700000, 0x0000000782800000|  0%| F|  |TAMS 0x0000000782700000, 0x0000000782700000| Untracked 
|  40|0x0000000782800000, 0x0000000782800000, 0x0000000782900000|  0%| F|  |TAMS 0x0000000782800000, 0x0000000782800000| Untracked 
|  41|0x0000000782900000, 0x0000000782900000, 0x0000000782a00000|  0%| F|  |TAMS 0x0000000782900000, 0x0000000782900000| Untracked 
|  42|0x0000000782a00000, 0x0000000782a00000, 0x0000000782b00000|  0%| F|  |TAMS 0x0000000782a00000, 0x0000000782a00000| Untracked 
|  43|0x0000000782b00000, 0x0000000782b00000, 0x0000000782c00000|  0%| F|  |TAMS 0x0000000782b00000, 0x0000000782b00000| Untracked 
|  44|0x0000000782c00000, 0x0000000782c00000, 0x0000000782d00000|  0%| F|  |TAMS 0x0000000782c00000, 0x0000000782c00000| Untracked 
|  45|0x0000000782d00000, 0x0000000782d00000, 0x0000000782e00000|  0%| F|  |TAMS 0x0000000782d00000, 0x0000000782d00000| Untracked 
|  46|0x0000000782e00000, 0x0000000782e00000, 0x0000000782f00000|  0%| F|  |TAMS 0x0000000782e00000, 0x0000000782e00000| Untracked 
|  47|0x0000000782f00000, 0x0000000782f00000, 0x0000000783000000|  0%| F|  |TAMS 0x0000000782f00000, 0x0000000782f00000| Untracked 
|  48|0x0000000783000000, 0x0000000783000000, 0x0000000783100000|  0%| F|  |TAMS 0x0000000783000000, 0x0000000783000000| Untracked 
|  49|0x0000000783100000, 0x0000000783100000, 0x0000000783200000|  0%| F|  |TAMS 0x0000000783100000, 0x0000000783100000| Untracked 
|  50|0x0000000783200000, 0x0000000783200000, 0x0000000783300000|  0%| F|  |TAMS 0x0000000783200000, 0x0000000783200000| Untracked 
|  51|0x0000000783300000, 0x0000000783300000, 0x0000000783400000|  0%| F|  |TAMS 0x0000000783300000, 0x0000000783300000| Untracked 
|  52|0x0000000783400000, 0x0000000783400000, 0x0000000783500000|  0%| F|  |TAMS 0x0000000783400000, 0x0000000783400000| Untracked 
|  53|0x0000000783500000, 0x0000000783500000, 0x0000000783600000|  0%| F|  |TAMS 0x0000000783500000, 0x0000000783500000| Untracked 
|  54|0x0000000783600000, 0x0000000783600000, 0x0000000783700000|  0%| F|  |TAMS 0x0000000783600000, 0x0000000783600000| Untracked 
|  55|0x0000000783700000, 0x0000000783700000, 0x0000000783800000|  0%| F|  |TAMS 0x0000000783700000, 0x0000000783700000| Untracked 
|  56|0x0000000783800000, 0x0000000783800000, 0x0000000783900000|  0%| F|  |TAMS 0x0000000783800000, 0x0000000783800000| Untracked 
|  57|0x0000000783900000, 0x0000000783900000, 0x0000000783a00000|  0%| F|  |TAMS 0x0000000783900000, 0x0000000783900000| Untracked 
|  58|0x0000000783a00000, 0x0000000783a00000, 0x0000000783b00000|  0%| F|  |TAMS 0x0000000783a00000, 0x0000000783a00000| Untracked 
|  59|0x0000000783b00000, 0x0000000783b00000, 0x0000000783c00000|  0%| F|  |TAMS 0x0000000783b00000, 0x0000000783b00000| Untracked 
|  60|0x0000000783c00000, 0x0000000783c00000, 0x0000000783d00000|  0%| F|  |TAMS 0x0000000783c00000, 0x0000000783c00000| Untracked 
|  61|0x0000000783d00000, 0x0000000783d00000, 0x0000000783e00000|  0%| F|  |TAMS 0x0000000783d00000, 0x0000000783d00000| Untracked 
|  62|0x0000000783e00000, 0x0000000783e00000, 0x0000000783f00000|  0%| F|  |TAMS 0x0000000783e00000, 0x0000000783e00000| Untracked 
|  63|0x0000000783f00000, 0x0000000783f00000, 0x0000000784000000|  0%| F|  |TAMS 0x0000000783f00000, 0x0000000783f00000| Untracked 
|  64|0x0000000784000000, 0x0000000784000000, 0x0000000784100000|  0%| F|  |TAMS 0x0000000784000000, 0x0000000784000000| Untracked 
|  65|0x0000000784100000, 0x0000000784100000, 0x0000000784200000|  0%| F|  |TAMS 0x0000000784100000, 0x0000000784100000| Untracked 
|  66|0x0000000784200000, 0x0000000784200000, 0x0000000784300000|  0%| F|  |TAMS 0x0000000784200000, 0x0000000784200000| Untracked 
|  67|0x0000000784300000, 0x0000000784300000, 0x0000000784400000|  0%| F|  |TAMS 0x0000000784300000, 0x0000000784300000| Untracked 
|  68|0x0000000784400000, 0x0000000784400000, 0x0000000784500000|  0%| F|  |TAMS 0x0000000784400000, 0x0000000784400000| Untracked 
|  69|0x0000000784500000, 0x0000000784500000, 0x0000000784600000|  0%| F|  |TAMS 0x0000000784500000, 0x0000000784500000| Untracked 
|  70|0x0000000784600000, 0x0000000784600000, 0x0000000784700000|  0%| F|  |TAMS 0x0000000784600000, 0x0000000784600000| Untracked 
|  71|0x0000000784700000, 0x0000000784700000, 0x0000000784800000|  0%| F|  |TAMS 0x0000000784700000, 0x0000000784700000| Untracked 
|  72|0x0000000784800000, 0x0000000784800000, 0x0000000784900000|  0%| F|  |TAMS 0x0000000784800000, 0x0000000784800000| Untracked 
|  73|0x0000000784900000, 0x0000000784900000, 0x0000000784a00000|  0%| F|  |TAMS 0x0000000784900000, 0x0000000784900000| Untracked 
|  74|0x0000000784a00000, 0x0000000784a00000, 0x0000000784b00000|  0%| F|  |TAMS 0x0000000784a00000, 0x0000000784a00000| Untracked 
|  75|0x0000000784b00000, 0x0000000784b00000, 0x0000000784c00000|  0%| F|  |TAMS 0x0000000784b00000, 0x0000000784b00000| Untracked 
|  76|0x0000000784c00000, 0x0000000784c00000, 0x0000000784d00000|  0%| F|  |TAMS 0x0000000784c00000, 0x0000000784c00000| Untracked 
|  77|0x0000000784d00000, 0x0000000784d00000, 0x0000000784e00000|  0%| F|  |TAMS 0x0000000784d00000, 0x0000000784d00000| Untracked 
|  78|0x0000000784e00000, 0x0000000784e00000, 0x0000000784f00000|  0%| F|  |TAMS 0x0000000784e00000, 0x0000000784e00000| Untracked 
|  79|0x0000000784f00000, 0x0000000784f00000, 0x0000000785000000|  0%| F|  |TAMS 0x0000000784f00000, 0x0000000784f00000| Untracked 
|  80|0x0000000785000000, 0x0000000785000000, 0x0000000785100000|  0%| F|  |TAMS 0x0000000785000000, 0x0000000785000000| Untracked 
|  81|0x0000000785100000, 0x0000000785100000, 0x0000000785200000|  0%| F|  |TAMS 0x0000000785100000, 0x0000000785100000| Untracked 
|  82|0x0000000785200000, 0x0000000785200000, 0x0000000785300000|  0%| F|  |TAMS 0x0000000785200000, 0x0000000785200000| Untracked 
|  83|0x0000000785300000, 0x0000000785300000, 0x0000000785400000|  0%| F|  |TAMS 0x0000000785300000, 0x0000000785300000| Untracked 
|  84|0x0000000785400000, 0x0000000785400000, 0x0000000785500000|  0%| F|  |TAMS 0x0000000785400000, 0x0000000785400000| Untracked 
|  85|0x0000000785500000, 0x0000000785500000, 0x0000000785600000|  0%| F|  |TAMS 0x0000000785500000, 0x0000000785500000| Untracked 
|  86|0x0000000785600000, 0x0000000785600000, 0x0000000785700000|  0%| F|  |TAMS 0x0000000785600000, 0x0000000785600000| Untracked 
|  87|0x0000000785700000, 0x0000000785700000, 0x0000000785800000|  0%| F|  |TAMS 0x0000000785700000, 0x0000000785700000| Untracked 
|  88|0x0000000785800000, 0x0000000785800000, 0x0000000785900000|  0%| F|  |TAMS 0x0000000785800000, 0x0000000785800000| Untracked 
|  89|0x0000000785900000, 0x0000000785900000, 0x0000000785a00000|  0%| F|  |TAMS 0x0000000785900000, 0x0000000785900000| Untracked 
|  90|0x0000000785a00000, 0x0000000785a00000, 0x0000000785b00000|  0%| F|  |TAMS 0x0000000785a00000, 0x0000000785a00000| Untracked 
|  91|0x0000000785b00000, 0x0000000785b00000, 0x0000000785c00000|  0%| F|  |TAMS 0x0000000785b00000, 0x0000000785b00000| Untracked 
|  92|0x0000000785c00000, 0x0000000785c00000, 0x0000000785d00000|  0%| F|  |TAMS 0x0000000785c00000, 0x0000000785c00000| Untracked 
|  93|0x0000000785d00000, 0x0000000785d00000, 0x0000000785e00000|  0%| F|  |TAMS 0x0000000785d00000, 0x0000000785d00000| Untracked 
|  94|0x0000000785e00000, 0x0000000785e00000, 0x0000000785f00000|  0%| F|  |TAMS 0x0000000785e00000, 0x0000000785e00000| Untracked 
|  95|0x0000000785f00000, 0x0000000785f00000, 0x0000000786000000|  0%| F|  |TAMS 0x0000000785f00000, 0x0000000785f00000| Untracked 
|  96|0x0000000786000000, 0x0000000786000000, 0x0000000786100000|  0%| F|  |TAMS 0x0000000786000000, 0x0000000786000000| Untracked 
|  97|0x0000000786100000, 0x0000000786100000, 0x0000000786200000|  0%| F|  |TAMS 0x0000000786100000, 0x0000000786100000| Untracked 
|  98|0x0000000786200000, 0x0000000786200000, 0x0000000786300000|  0%| F|  |TAMS 0x0000000786200000, 0x0000000786200000| Untracked 
|  99|0x0000000786300000, 0x0000000786300000, 0x0000000786400000|  0%| F|  |TAMS 0x0000000786300000, 0x0000000786300000| Untracked 
| 100|0x0000000786400000, 0x0000000786400000, 0x0000000786500000|  0%| F|  |TAMS 0x0000000786400000, 0x0000000786400000| Untracked 
| 101|0x0000000786500000, 0x0000000786500000, 0x0000000786600000|  0%| F|  |TAMS 0x0000000786500000, 0x0000000786500000| Untracked 
| 102|0x0000000786600000, 0x0000000786600000, 0x0000000786700000|  0%| F|  |TAMS 0x0000000786600000, 0x0000000786600000| Untracked 
| 103|0x0000000786700000, 0x0000000786700000, 0x0000000786800000|  0%| F|  |TAMS 0x0000000786700000, 0x0000000786700000| Untracked 
| 104|0x0000000786800000, 0x0000000786800000, 0x0000000786900000|  0%| F|  |TAMS 0x0000000786800000, 0x0000000786800000| Untracked 
| 105|0x0000000786900000, 0x0000000786900000, 0x0000000786a00000|  0%| F|  |TAMS 0x0000000786900000, 0x0000000786900000| Untracked 
| 106|0x0000000786a00000, 0x0000000786a00000, 0x0000000786b00000|  0%| F|  |TAMS 0x0000000786a00000, 0x0000000786a00000| Untracked 
| 107|0x0000000786b00000, 0x0000000786b00000, 0x0000000786c00000|  0%| F|  |TAMS 0x0000000786b00000, 0x0000000786b00000| Untracked 
| 108|0x0000000786c00000, 0x0000000786c00000, 0x0000000786d00000|  0%| F|  |TAMS 0x0000000786c00000, 0x0000000786c00000| Untracked 
| 109|0x0000000786d00000, 0x0000000786d00000, 0x0000000786e00000|  0%| F|  |TAMS 0x0000000786d00000, 0x0000000786d00000| Untracked 
| 110|0x0000000786e00000, 0x0000000786e00000, 0x0000000786f00000|  0%| F|  |TAMS 0x0000000786e00000, 0x0000000786e00000| Untracked 
| 111|0x0000000786f00000, 0x0000000786f00000, 0x0000000787000000|  0%| F|  |TAMS 0x0000000786f00000, 0x0000000786f00000| Untracked 
| 112|0x0000000787000000, 0x0000000787000000, 0x0000000787100000|  0%| F|  |TAMS 0x0000000787000000, 0x0000000787000000| Untracked 
| 113|0x0000000787100000, 0x0000000787100000, 0x0000000787200000|  0%| F|  |TAMS 0x0000000787100000, 0x0000000787100000| Untracked 
| 114|0x0000000787200000, 0x0000000787200000, 0x0000000787300000|  0%| F|  |TAMS 0x0000000787200000, 0x0000000787200000| Untracked 
| 115|0x0000000787300000, 0x0000000787300000, 0x0000000787400000|  0%| F|  |TAMS 0x0000000787300000, 0x0000000787300000| Untracked 
| 116|0x0000000787400000, 0x0000000787400000, 0x0000000787500000|  0%| F|  |TAMS 0x0000000787400000, 0x0000000787400000| Untracked 
| 117|0x0000000787500000, 0x0000000787500000, 0x0000000787600000|  0%| F|  |TAMS 0x0000000787500000, 0x0000000787500000| Untracked 
| 118|0x0000000787600000, 0x0000000787600000, 0x0000000787700000|  0%| F|  |TAMS 0x0000000787600000, 0x0000000787600000| Untracked 
| 119|0x0000000787700000, 0x0000000787700000, 0x0000000787800000|  0%| F|  |TAMS 0x0000000787700000, 0x0000000787700000| Untracked 
| 120|0x0000000787800000, 0x0000000787800000, 0x0000000787900000|  0%| F|  |TAMS 0x0000000787800000, 0x0000000787800000| Untracked 
| 121|0x0000000787900000, 0x0000000787900000, 0x0000000787a00000|  0%| F|  |TAMS 0x0000000787900000, 0x0000000787900000| Untracked 
| 122|0x0000000787a00000, 0x0000000787a9b2a0, 0x0000000787b00000| 60%| E|  |TAMS 0x0000000787a00000, 0x0000000787a00000| Complete 
| 123|0x0000000787b00000, 0x0000000787c00000, 0x0000000787c00000|100%| E|CS|TAMS 0x0000000787b00000, 0x0000000787b00000| Complete 
| 124|0x0000000787c00000, 0x0000000787d00000, 0x0000000787d00000|100%| E|CS|TAMS 0x0000000787c00000, 0x0000000787c00000| Complete 
| 125|0x0000000787d00000, 0x0000000787e00000, 0x0000000787e00000|100%| E|CS|TAMS 0x0000000787d00000, 0x0000000787d00000| Complete 
| 126|0x0000000787e00000, 0x0000000787f00000, 0x0000000787f00000|100%| E|CS|TAMS 0x0000000787e00000, 0x0000000787e00000| Complete 
| 127|0x0000000787f00000, 0x0000000788000000, 0x0000000788000000|100%| E|CS|TAMS 0x0000000787f00000, 0x0000000787f00000| Complete 
|1022|0x00000007bfe00000, 0x00000007bfe47000, 0x00000007bff00000| 27%|OA|  |TAMS 0x00000007bfe00000, 0x00000007bfe00000| Untracked 
|1023|0x00000007bff00000, 0x00000007bff77000, 0x00000007c0000000| 46%|CA|  |TAMS 0x00000007bff00000, 0x00000007bff00000| Untracked 

Card table byte_map: [0x000000010c4cd000,0x000000010c8cd000] _byte_map_base: 0x00000001088cd000

Marking Bits (Prev, Next): (CMBitMap*) 0x00007f9b7501f218, (CMBitMap*) 0x00007f9b7501f258
 Prev Bits: [0x000000010cccd000, 0x000000010eccd000)
 Next Bits: [0x000000010eccd000, 0x0000000110ccd000)

Polling page: 0x0000000102d5b000

Metaspace:

Usage:
  Non-class:      4.82 MB capacity,     2.89 MB ( 60%) used,     1.93 MB ( 40%) free+waste,     7.00 KB ( <1%) overhead. 
      Class:    515.00 KB capacity,   302.20 KB ( 59%) used,   208.74 KB ( 41%) free+waste,     4.06 KB ( <1%) overhead. 
       Both:      5.32 MB capacity,     3.18 MB ( 60%) used,     2.13 MB ( 40%) free+waste,    11.06 KB ( <1%) overhead. 

Virtual space:
  Non-class space:        8.00 MB reserved,       5.00 MB ( 62%) committed 
      Class space:        1.00 GB reserved,     640.00 KB ( <1%) committed 
             Both:        1.01 GB reserved,       5.62 MB ( <1%) committed 

Chunk freelists:
   Non-Class:  49.00 KB
       Class:  0 bytes
        Both:  49.00 KB

MaxMetaspaceSize: unlimited
CompressedClassSpaceSize: 1.00 GB

CodeHeap 'non-profiled nmethods': size=120032Kb used=158Kb max_used=158Kb free=119873Kb
 bounds [0x000000011988e000, 0x0000000119afe000, 0x0000000120dc6000]
CodeHeap 'profiled nmethods': size=120032Kb used=742Kb max_used=742Kb free=119289Kb
 bounds [0x0000000112356000, 0x00000001125c6000, 0x000000011988e000]
CodeHeap 'non-nmethods': size=5696Kb used=1154Kb max_used=1160Kb free=4541Kb
 bounds [0x0000000111dc6000, 0x0000000112036000, 0x0000000112356000]
 total_blobs=1021 nmethods=520 adapters=311
 compilation: enabled
              stopped_count=0, restarted_count=0
 full_count=0

Compilation events (20 events):
Event: 0.788 Thread 0x00007f9b7503d800  512       3       java.lang.reflect.Modifier::isFinal (13 bytes)
Event: 0.788 Thread 0x00007f9b7503d800 nmethod 512 0x000000011240b510 code [0x000000011240b6a0, 0x000000011240b830]
Event: 0.788 Thread 0x00007f9b7503d800  513       1       java.lang.reflect.Field::getType (5 bytes)
Event: 0.788 Thread 0x00007f9b7503d800 nmethod 513 0x00000001198b5290 code [0x00000001198b5420, 0x00000001198b5550]
Event: 0.791 Thread 0x00007f9b7503d800  514       3       java.lang.reflect.Modifier::isPublic (12 bytes)
Event: 0.791 Thread 0x00007f9b7503d800 nmethod 514 0x000000011240b890 code [0x000000011240ba20, 0x000000011240bbb0]
Event: 0.791 Thread 0x00007f9b7503d800  515       1       java.lang.reflect.Field::getRoot (5 bytes)
Event: 0.791 Thread 0x00007f9b7503d800 nmethod 515 0x00000001198b5590 code [0x00000001198b5720, 0x00000001198b5850]
Event: 0.792 Thread 0x00007f9b7503d800  517       3       java.util.zip.ZipFile$Source::getEntryPos (208 bytes)
Event: 0.793 Thread 0x00007f9b7503d800 nmethod 517 0x000000011240bc10 code [0x000000011240be80, 0x000000011240cbd8]
Event: 0.793 Thread 0x00007f9b7503d800  516       3       java.lang.ref.SoftReference::get (29 bytes)
Event: 0.793 Thread 0x00007f9b7503d800 nmethod 516 0x000000011240d210 code [0x000000011240d3c0, 0x000000011240d610]
Event: 0.795 Thread 0x00007f9b7503d800  518       3       java.lang.Integer::valueOf (32 bytes)
Event: 0.795 Thread 0x00007f9b7503d800 nmethod 518 0x000000011240d690 code [0x000000011240d840, 0x000000011240dbb0]
Event: 0.795 Thread 0x00007f9b7503d800  519       3       java.nio.Buffer::remaining (10 bytes)
Event: 0.795 Thread 0x00007f9b7503d800 nmethod 519 0x000000011240dd10 code [0x000000011240dea0, 0x000000011240e010]
Event: 0.834 Thread 0x00007f9b7503d800  521       3       java.lang.StringLatin1::toLowerCase (180 bytes)
Event: 0.836 Thread 0x00007f9b7503d800 nmethod 521 0x000000011240e090 code [0x000000011240e320, 0x000000011240f0d8]
Event: 0.836 Thread 0x00007f9b7503d800  520       3       java.lang.String::toLowerCase (29 bytes)
Event: 0.836 Thread 0x00007f9b7503d800 nmethod 520 0x000000011240f590 code [0x000000011240f760, 0x000000011240fa78]

GC Heap History (0 events):
No events

Deoptimization events (2 events):
Event: 0.791 Thread 0x00007f9b7480f800 DEOPT PACKING pc=0x00000001123a8e90 sp=0x000070000c33b770
Event: 0.791 Thread 0x00007f9b7480f800 DEOPT UNPACKING pc=0x0000000111e0f33a sp=0x000070000c33abe8 mode 0

Classes unloaded (0 events):
No events

Classes redefined (0 events):
No events

Internal exceptions (4 events):
Event: 0.305 Thread 0x00007f9b7480f800 Exception <a 'java/lang/ClassNotFoundException'{0x0000000787deb748}: sun/awt/resources/spi/awtProvider> (0x0000000787deb748) 
thrown [/scratch/mesos/slaves/fcf4c0c4-d73e-4321-860c-6613427db92b-S2452/frameworks/1735e8a2-a1db-478c-8104-60c8b0af87dd-0196/executors/ab12d1f8-defd-4a26-b83a-82b67c14bc8d/runs/ad8904cf-d9a8-428f-8f86-4d88be7b86bd/workspace/open/src/hotspot/share/classfile/systemDictionary.cpp, line 232]
Event: 0.363 Thread 0x00007f9b7480f800 Exception <a 'java/io/FileNotFoundException'{0x0000000787c38778}> (0x0000000787c38778) 
thrown [/scratch/mesos/slaves/fcf4c0c4-d73e-4321-860c-6613427db92b-S2452/frameworks/1735e8a2-a1db-478c-8104-60c8b0af87dd-0196/executors/ab12d1f8-defd-4a26-b83a-82b67c14bc8d/runs/ad8904cf-d9a8-428f-8f86-4d88be7b86bd/workspace/open/src/hotspot/share/prims/jni.cpp, line 598]
Event: 0.370 Thread 0x00007f9b7480f800 Exception <a 'java/io/FileNotFoundException'{0x0000000787c5f0f0}> (0x0000000787c5f0f0) 
thrown [/scratch/mesos/slaves/fcf4c0c4-d73e-4321-860c-6613427db92b-S2452/frameworks/1735e8a2-a1db-478c-8104-60c8b0af87dd-0196/executors/ab12d1f8-defd-4a26-b83a-82b67c14bc8d/runs/ad8904cf-d9a8-428f-8f86-4d88be7b86bd/workspace/open/src/hotspot/share/prims/jni.cpp, line 598]
Event: 0.376 Thread 0x00007f9b7480f800 Exception <a 'java/lang/ClassNotFoundException'{0x0000000787c62ad0}: sun/awt/resources/spi/awtosxProvider> (0x0000000787c62ad0) 
thrown [/scratch/mesos/slaves/fcf4c0c4-d73e-4321-860c-6613427db92b-S2452/frameworks/1735e8a2-a1db-478c-8104-60c8b0af87dd-0196/executors/ab12d1f8-defd-4a26-b83a-82b67c14bc8d/runs/ad8904cf-d9a8-428f-8f86-4d88be7b86bd/workspace/open/src/hotspot/share/classfile/systemDictionary.cpp, line 232]

Events (20 events):
Event: 0.787 loading class jdk/internal/reflect/UnsafeQualifiedStaticIntegerFieldAccessorImpl
Event: 0.787 loading class jdk/internal/reflect/UnsafeQualifiedStaticIntegerFieldAccessorImpl done
Event: 0.790 loading class org/lwjgl/input/Keyboard$KeyEvent
Event: 0.790 loading class org/lwjgl/input/Keyboard$KeyEvent done
Event: 0.791 loading class org/lwjgl/opengl/MacOSXNativeKeyboard
Event: 0.791 loading class org/lwjgl/opengl/MacOSXNativeKeyboard done
Event: 0.794 loading class org/lwjgl/opengl/ContextGL
Event: 0.794 loading class org/lwjgl/opengl/ContextGL done
Event: 0.795 loading class org/lwjgl/opengl/ContextImplementation
Event: 0.795 loading class org/lwjgl/opengl/ContextImplementation done
Event: 0.795 loading class org/lwjgl/opengl/MacOSXContextImplementation
Event: 0.795 loading class org/lwjgl/opengl/MacOSXContextImplementation done
Event: 0.796 loading class org/lwjgl/opengl/GLContext
Event: 0.796 loading class org/lwjgl/opengl/GLContext done
Event: 0.797 loading class java/lang/NumberFormatException
Event: 0.797 loading class java/lang/NumberFormatException done
Event: 0.810 loading class org/lwjgl/opengl/GLContext$CapabilitiesCacheEntry
Event: 0.810 loading class org/lwjgl/opengl/GLContext$CapabilitiesCacheEntry done
Event: 0.832 loading class org/lwjgl/opengl/ContextCapabilities
Event: 0.832 loading class org/lwjgl/opengl/ContextCapabilities done


Dynamic libraries:
0x00007fff7a0d6000 	/usr/lib/libz.1.dylib
0x0000000101f0d000 	/Library/Java/JavaVirtualMachines/jdk-13.0.1.jdk/Contents/Home/lib/libjli.dylib
0x00007fff4e2da000 	/System/Library/Frameworks/Cocoa.framework/Versions/A/Cocoa
0x00007fff59ff2000 	/System/Library/Frameworks/Security.framework/Versions/A/Security
0x00007fff4cf6f000 	/System/Library/Frameworks/ApplicationServices.framework/Versions/A/ApplicationServices
0x00007fff77a30000 	/usr/lib/libSystem.B.dylib
0x00007fff7a8cc000 	/usr/lib/system/libcache.dylib
0x00007fff7a8d1000 	/usr/lib/system/libcommonCrypto.dylib
0x00007fff7a8dc000 	/usr/lib/system/libcompiler_rt.dylib
0x00007fff7a8e4000 	/usr/lib/system/libcopyfile.dylib
0x00007fff7a8ee000 	/usr/lib/system/libcorecrypto.dylib
0x00007fff7a9f9000 	/usr/lib/system/libdispatch.dylib
0x00007fff7aa33000 	/usr/lib/system/libdyld.dylib
0x00007fff7aa60000 	/usr/lib/system/libkeymgr.dylib
0x00007fff7aa6e000 	/usr/lib/system/liblaunch.dylib
0x00007fff7aa6f000 	/usr/lib/system/libmacho.dylib
0x00007fff7aa75000 	/usr/lib/system/libquarantine.dylib
0x00007fff7aa78000 	/usr/lib/system/libremovefile.dylib
0x00007fff7aa7a000 	/usr/lib/system/libsystem_asl.dylib
0x00007fff7aa92000 	/usr/lib/system/libsystem_blocks.dylib
0x00007fff7aa93000 	/usr/lib/system/libsystem_c.dylib
0x00007fff7ab1b000 	/usr/lib/system/libsystem_configuration.dylib
0x00007fff7ab1f000 	/usr/lib/system/libsystem_coreservices.dylib
0x00007fff7ab23000 	/usr/lib/system/libsystem_darwin.dylib
0x00007fff7ab2a000 	/usr/lib/system/libsystem_dnssd.dylib
0x00007fff7ab31000 	/usr/lib/system/libsystem_info.dylib
0x00007fff7aba6000 	/usr/lib/system/libsystem_m.dylib
0x00007fff7abf2000 	/usr/lib/system/libsystem_malloc.dylib
0x00007fff7ac1d000 	/usr/lib/system/libsystem_networkextension.dylib
0x00007fff7ac28000 	/usr/lib/system/libsystem_notify.dylib
0x00007fff7ac45000 	/usr/lib/system/libsystem_sandbox.dylib
0x00007fff7ac49000 	/usr/lib/system/libsystem_secinit.dylib
0x00007fff7ab7d000 	/usr/lib/system/libsystem_kernel.dylib
0x00007fff7ac30000 	/usr/lib/system/libsystem_platform.dylib
0x00007fff7ac3a000 	/usr/lib/system/libsystem_pthread.dylib
0x00007fff7ac4c000 	/usr/lib/system/libsystem_symptoms.dylib
0x00007fff7ac54000 	/usr/lib/system/libsystem_trace.dylib
0x00007fff7ac6b000 	/usr/lib/system/libunwind.dylib
0x00007fff7ac71000 	/usr/lib/system/libxpc.dylib
0x00007fff79267000 	/usr/lib/libobjc.A.dylib
0x00007fff77cc7000 	/usr/lib/libc++abi.dylib
0x00007fff77c73000 	/usr/lib/libc++.1.dylib
0x00007fff4eac2000 	/System/Library/Frameworks/CoreFoundation.framework/Versions/A/CoreFoundation
0x00007fff50d44000 	/System/Library/Frameworks/Foundation.framework/Versions/C/Foundation
0x00007fff4c168000 	/System/Library/Frameworks/AppKit.framework/Versions/C/AppKit
0x00007fff4e655000 	/System/Library/Frameworks/CoreData.framework/Versions/A/CoreData
0x00007fff71503000 	/System/Library/PrivateFrameworks/RemoteViewServices.framework/Versions/A/RemoteViewServices
0x00007fff75770000 	/System/Library/PrivateFrameworks/UIFoundation.framework/Versions/A/UIFoundation
0x00007fff76e52000 	/System/Library/PrivateFrameworks/XCTTargetBootstrap.framework/Versions/A/XCTTargetBootstrap
0x00007fff4e9da000 	/System/Library/Frameworks/CoreDisplay.framework/Versions/A/CoreDisplay
0x00007fff6c238000 	/System/Library/PrivateFrameworks/IconServices.framework/Versions/A/IconServices
0x00007fff53668000 	/System/Library/Frameworks/Metal.framework/Versions/A/Metal
0x00007fff637b3000 	/System/Library/PrivateFrameworks/DesktopServicesPriv.framework/Versions/A/DesktopServicesPriv
0x00007fff785ca000 	/usr/lib/libenergytrace.dylib
0x00007fff73c59000 	/System/Library/PrivateFrameworks/SkyLight.framework/Versions/A/SkyLight
0x00007fff4ef08000 	/System/Library/Frameworks/CoreGraphics.framework/Versions/A/CoreGraphics
0x00007fff4af34000 	/System/Library/Frameworks/Accelerate.framework/Versions/A/Accelerate
0x00007fff5148c000 	/System/Library/Frameworks/IOSurface.framework/Versions/A/IOSurface
0x00007fff6361f000 	/System/Library/PrivateFrameworks/DFRFoundation.framework/Versions/A/DFRFoundation
0x00007fff4d452000 	/System/Library/Frameworks/AudioToolbox.framework/Versions/A/AudioToolbox
0x00007fff4d6cb000 	/System/Library/Frameworks/AudioUnit.framework/Versions/A/AudioUnit
0x00007fff636b4000 	/System/Library/PrivateFrameworks/DataDetectorsCore.framework/Versions/A/DataDetectorsCore
0x00007fff4ddde000 	/System/Library/Frameworks/Carbon.framework/Versions/A/Frameworks/HIToolbox.framework/Versions/A/HIToolbox
0x00007fff78723000 	/usr/lib/libicucore.A.dylib
0x00007fff59567000 	/System/Library/Frameworks/QuartzCore.framework/Versions/A/QuartzCore
0x00007fff4e1b2000 	/System/Library/Frameworks/Carbon.framework/Versions/A/Frameworks/SpeechRecognition.framework/Versions/A/SpeechRecognition
0x00007fff77b84000 	/usr/lib/libauto.dylib
0x00007fff79fca000 	/usr/lib/libxml2.2.dylib
0x00007fff631fc000 	/System/Library/PrivateFrameworks/CoreUI.framework/Versions/A/CoreUI
0x00007fff4e540000 	/System/Library/Frameworks/CoreAudio.framework/Versions/A/CoreAudio
0x00007fff50b79000 	/System/Library/Frameworks/DiskArbitration.framework/Versions/A/DiskArbitration
0x00007fff789d1000 	/usr/lib/liblangid.dylib
0x00007fff6d668000 	/System/Library/PrivateFrameworks/MultitouchSupport.framework/Versions/A/MultitouchSupport
0x00007fff513fb000 	/System/Library/Frameworks/IOKit.framework/Versions/A/IOKit
0x00007fff775f1000 	/usr/lib/libDiagnosticMessagesClient.dylib
0x00007fff4fd17000 	/System/Library/Frameworks/CoreServices.framework/Versions/A/CoreServices
0x00007fff6f30f000 	/System/Library/PrivateFrameworks/PerformanceAnalysis.framework/Versions/A/PerformanceAnalysis
0x00007fff58755000 	/System/Library/Frameworks/OpenGL.framework/Versions/A/OpenGL
0x00007fff4e2e8000 	/System/Library/Frameworks/ColorSync.framework/Versions/A/ColorSync
0x00007fff4f599000 	/System/Library/Frameworks/CoreImage.framework/Versions/A/CoreImage
0x00007fff506f0000 	/System/Library/Frameworks/CoreText.framework/Versions/A/CoreText
0x00007fff514ef000 	/System/Library/Frameworks/ImageIO.framework/Versions/A/ImageIO
0x00007fff5f851000 	/System/Library/PrivateFrameworks/Backup.framework/Versions/A/Backup
0x00007fff77ad7000 	/usr/lib/libarchive.2.dylib
0x00007fff4da23000 	/System/Library/Frameworks/CFNetwork.framework/Versions/A/CFNetwork
0x00007fff5a74c000 	/System/Library/Frameworks/SystemConfiguration.framework/Versions/A/SystemConfiguration
0x00007fff77522000 	/usr/lib/libCRFSuite.dylib
0x00007fff77c54000 	/usr/lib/libbsm.0.dylib
0x00007fff7aa61000 	/usr/lib/system/libkxld.dylib
0x00007fff5ec42000 	/System/Library/PrivateFrameworks/AppleFSCompression.framework/Versions/A/AppleFSCompression
0x00007fff778f0000 	/usr/lib/libOpenScriptingUtil.dylib
0x00007fff77f7c000 	/usr/lib/libcoretls.dylib
0x00007fff77f93000 	/usr/lib/libcoretls_cfhelpers.dylib
0x00007fff799fe000 	/usr/lib/libpam.2.dylib
0x00007fff79bbe000 	/usr/lib/libsqlite3.dylib
0x00007fff79fb8000 	/usr/lib/libxar.1.dylib
0x00007fff77c65000 	/usr/lib/libbz2.1.0.dylib
0x00007fff789d3000 	/usr/lib/liblzma.5.dylib
0x00007fff78e84000 	/usr/lib/libnetwork.dylib
0x00007fff77ac0000 	/usr/lib/libapple_nghttp2.dylib
0x00007fff79a05000 	/usr/lib/libpcap.A.dylib
0x00007fff500b6000 	/System/Library/Frameworks/CoreServices.framework/Versions/A/Frameworks/FSEvents.framework/Versions/A/FSEvents
0x00007fff4fd95000 	/System/Library/Frameworks/CoreServices.framework/Versions/A/Frameworks/CarbonCore.framework/Versions/A/CarbonCore
0x00007fff50272000 	/System/Library/Frameworks/CoreServices.framework/Versions/A/Frameworks/Metadata.framework/Versions/A/Metadata
0x00007fff50311000 	/System/Library/Frameworks/CoreServices.framework/Versions/A/Frameworks/OSServices.framework/Versions/A/OSServices
0x00007fff5035c000 	/System/Library/Frameworks/CoreServices.framework/Versions/A/Frameworks/SearchKit.framework/Versions/A/SearchKit
0x00007fff4fd18000 	/System/Library/Frameworks/CoreServices.framework/Versions/A/Frameworks/AE.framework/Versions/A/AE
0x00007fff500bf000 	/System/Library/Frameworks/CoreServices.framework/Versions/A/Frameworks/LaunchServices.framework/Versions/A/LaunchServices
0x00007fff5006d000 	/System/Library/Frameworks/CoreServices.framework/Versions/A/Frameworks/DictionaryServices.framework/Versions/A/DictionaryServices
0x00007fff503c4000 	/System/Library/Frameworks/CoreServices.framework/Versions/A/Frameworks/SharedFileList.framework/Versions/A/SharedFileList
0x00007fff54730000 	/System/Library/Frameworks/NetFS.framework/Versions/A/NetFS
0x00007fff6d8ce000 	/System/Library/PrivateFrameworks/NetAuth.framework/Versions/A/NetAuth
0x00007fff77256000 	/System/Library/PrivateFrameworks/login.framework/Versions/A/Frameworks/loginsupport.framework/Versions/A/loginsupport
0x00007fff75379000 	/System/Library/PrivateFrameworks/TCC.framework/Versions/A/TCC
0x00007fff62859000 	/System/Library/PrivateFrameworks/CoreNLP.framework/Versions/A/CoreNLP
0x00007fff6d33f000 	/System/Library/PrivateFrameworks/MetadataUtilities.framework/Versions/A/MetadataUtilities
0x00007fff78aa8000 	/usr/lib/libmecabra.dylib
0x00007fff4cf70000 	/System/Library/Frameworks/ApplicationServices.framework/Versions/A/Frameworks/ATS.framework/Versions/A/ATS
0x00007fff4d2bf000 	/System/Library/Frameworks/ApplicationServices.framework/Versions/A/Frameworks/ColorSyncLegacy.framework/Versions/A/ColorSyncLegacy
0x00007fff4d35e000 	/System/Library/Frameworks/ApplicationServices.framework/Versions/A/Frameworks/HIServices.framework/Versions/A/HIServices
0x00007fff4d3b1000 	/System/Library/Frameworks/ApplicationServices.framework/Versions/A/Frameworks/LangAnalysis.framework/Versions/A/LangAnalysis
0x00007fff4d3c1000 	/System/Library/Frameworks/ApplicationServices.framework/Versions/A/Frameworks/PrintCore.framework/Versions/A/PrintCore
0x00007fff4d40b000 	/System/Library/Frameworks/ApplicationServices.framework/Versions/A/Frameworks/QD.framework/Versions/A/QD
0x00007fff4d445000 	/System/Library/Frameworks/ApplicationServices.framework/Versions/A/Frameworks/SpeechSynthesis.framework/Versions/A/SpeechSynthesis
0x00007fff77cef000 	/usr/lib/libcompression.dylib
0x00007fff53938000 	/System/Library/Frameworks/MetalPerformanceShaders.framework/Versions/A/MetalPerformanceShaders
0x00007fff4af4c000 	/System/Library/Frameworks/Accelerate.framework/Versions/A/Frameworks/vImage.framework/Versions/A/vImage
0x00007fff4bfc6000 	/System/Library/Frameworks/Accelerate.framework/Versions/A/Frameworks/vecLib.framework/Versions/A/vecLib
0x00007fff4bf12000 	/System/Library/Frameworks/Accelerate.framework/Versions/A/Frameworks/vecLib.framework/Versions/A/libvMisc.dylib
0x00007fff4bd2a000 	/System/Library/Frameworks/Accelerate.framework/Versions/A/Frameworks/vecLib.framework/Versions/A/libvDSP.dylib
0x00007fff4b5e6000 	/System/Library/Frameworks/Accelerate.framework/Versions/A/Frameworks/vecLib.framework/Versions/A/libBLAS.dylib
0x00007fff4b8d3000 	/System/Library/Frameworks/Accelerate.framework/Versions/A/Frameworks/vecLib.framework/Versions/A/libLAPACK.dylib
0x00007fff4bc7d000 	/System/Library/Frameworks/Accelerate.framework/Versions/A/Frameworks/vecLib.framework/Versions/A/libLinearAlgebra.dylib
0x00007fff4bd16000 	/System/Library/Frameworks/Accelerate.framework/Versions/A/Frameworks/vecLib.framework/Versions/A/libSparseBLAS.dylib
0x00007fff4bc93000 	/System/Library/Frameworks/Accelerate.framework/Versions/A/Frameworks/vecLib.framework/Versions/A/libQuadrature.dylib
0x00007fff4b860000 	/System/Library/Frameworks/Accelerate.framework/Versions/A/Frameworks/vecLib.framework/Versions/A/libBNNS.dylib
0x00007fff4bc99000 	/System/Library/Frameworks/Accelerate.framework/Versions/A/Frameworks/vecLib.framework/Versions/A/libSparse.dylib
0x00007fff69b9b000 	/System/Library/PrivateFrameworks/GPUWrangler.framework/Versions/A/GPUWrangler
0x00007fff6be6d000 	/System/Library/PrivateFrameworks/IOAccelerator.framework/Versions/A/IOAccelerator
0x00007fff6be78000 	/System/Library/PrivateFrameworks/IOPresentment.framework/Versions/A/IOPresentment
0x00007fff6362f000 	/System/Library/PrivateFrameworks/DSExternalDisplay.framework/Versions/A/DSExternalDisplay
0x00007fff57bac000 	/System/Library/Frameworks/OpenGL.framework/Versions/A/Libraries/libCoreFSCache.dylib
0x00007fff5372c000 	/System/Library/Frameworks/MetalPerformanceShaders.framework/Frameworks/MPSCore.framework/Versions/A/MPSCore
0x00007fff5374c000 	/System/Library/Frameworks/MetalPerformanceShaders.framework/Frameworks/MPSImage.framework/Versions/A/MPSImage
0x00007fff537f1000 	/System/Library/Frameworks/MetalPerformanceShaders.framework/Frameworks/MPSNeuralNetwork.framework/Versions/A/MPSNeuralNetwork
0x00007fff537c9000 	/System/Library/Frameworks/MetalPerformanceShaders.framework/Frameworks/MPSMatrix.framework/Versions/A/MPSMatrix
0x00007fff5391d000 	/System/Library/Frameworks/MetalPerformanceShaders.framework/Frameworks/MPSRayIntersector.framework/Versions/A/MPSRayIntersector
0x00007fff6d368000 	/System/Library/PrivateFrameworks/MetalTools.framework/Versions/A/MetalTools
0x00007fff5e4ef000 	/System/Library/PrivateFrameworks/AggregateDictionary.framework/Versions/A/AggregateDictionary
0x00007fff778d1000 	/usr/lib/libMobileGestalt.dylib
0x00007fff50853000 	/System/Library/Frameworks/CoreVideo.framework/Versions/A/CoreVideo
0x00007fff6a9ab000 	/System/Library/PrivateFrameworks/GraphVisualizer.framework/Versions/A/GraphVisualizer
0x00007fff6482b000 	/System/Library/PrivateFrameworks/FaceCore.framework/Versions/A/FaceCore
0x00007fff571da000 	/System/Library/Frameworks/OpenCL.framework/Versions/A/OpenCL
0x00007fff77629000 	/usr/lib/libFosl_dynamic.dylib
0x00007fff6e139000 	/System/Library/PrivateFrameworks/OTSVG.framework/Versions/A/OTSVG
0x00007fff4d074000 	/System/Library/Frameworks/ApplicationServices.framework/Versions/A/Frameworks/ATS.framework/Versions/A/Resources/libFontParser.dylib
0x00007fff4d18c000 	/System/Library/Frameworks/ApplicationServices.framework/Versions/A/Frameworks/ATS.framework/Versions/A/Resources/libFontRegistry.dylib
0x00007fff5175d000 	/System/Library/Frameworks/ImageIO.framework/Versions/A/Resources/libJPEG.dylib
0x00007fff51a6f000 	/System/Library/Frameworks/ImageIO.framework/Versions/A/Resources/libTIFF.dylib
0x00007fff51a45000 	/System/Library/Frameworks/ImageIO.framework/Versions/A/Resources/libPng.dylib
0x00007fff5167b000 	/System/Library/Frameworks/ImageIO.framework/Versions/A/Resources/libGIF.dylib
0x00007fff51680000 	/System/Library/Frameworks/ImageIO.framework/Versions/A/Resources/libJP2.dylib
0x00007fff51a6c000 	/System/Library/Frameworks/ImageIO.framework/Versions/A/Resources/libRadiance.dylib
0x00007fff5ed99000 	/System/Library/PrivateFrameworks/AppleJPEG.framework/Versions/A/AppleJPEG
0x00007fff57bb7000 	/System/Library/Frameworks/OpenGL.framework/Versions/A/Libraries/libGFXShared.dylib
0x00007fff57d7a000 	/System/Library/Frameworks/OpenGL.framework/Versions/A/Libraries/libGLU.dylib
0x00007fff57bc0000 	/System/Library/Frameworks/OpenGL.framework/Versions/A/Libraries/libGL.dylib
0x00007fff57bcc000 	/System/Library/Frameworks/OpenGL.framework/Versions/A/Libraries/libGLImage.dylib
0x00007fff57ba9000 	/System/Library/Frameworks/OpenGL.framework/Versions/A/Libraries/libCVMSPluginSupport.dylib
0x00007fff57bb2000 	/System/Library/Frameworks/OpenGL.framework/Versions/A/Libraries/libCoreVMClient.dylib
0x00007fff78440000 	/usr/lib/libcups.2.dylib
0x00007fff52c33000 	/System/Library/Frameworks/Kerberos.framework/Versions/A/Kerberos
0x00007fff51160000 	/System/Library/Frameworks/GSS.framework/Versions/A/GSS
0x00007fff79b53000 	/usr/lib/libresolv.9.dylib
0x00007fff78632000 	/usr/lib/libiconv.2.dylib
0x00007fff6ab0a000 	/System/Library/PrivateFrameworks/Heimdal.framework/Versions/A/Heimdal
0x00007fff78602000 	/usr/lib/libheimdal-asn1.dylib
0x00007fff5724e000 	/System/Library/Frameworks/OpenDirectory.framework/Versions/A/OpenDirectory
0x00007fff615be000 	/System/Library/PrivateFrameworks/CommonAuth.framework/Versions/A/CommonAuth
0x00007fff57232000 	/System/Library/Frameworks/OpenDirectory.framework/Versions/A/Frameworks/CFOpenDirectory.framework/Versions/A/CFOpenDirectory
0x00007fff5a2f2000 	/System/Library/Frameworks/SecurityFoundation.framework/Versions/A/SecurityFoundation
0x00007fff5da38000 	/System/Library/PrivateFrameworks/APFS.framework/Versions/A/APFS
0x00007fff79fb4000 	/usr/lib/libutil.dylib
0x00007fff77cdd000 	/usr/lib/libcharset.1.dylib
0x00007fff5f036000 	/System/Library/PrivateFrameworks/AppleSauce.framework/Versions/A/AppleSauce
0x00007fff5f1b7000 	/System/Library/PrivateFrameworks/AssertionServices.framework/Versions/A/AssertionServices
0x00007fff5f8e7000 	/System/Library/PrivateFrameworks/BaseBoard.framework/Versions/A/BaseBoard
0x00007fff78a03000 	/usr/lib/libmecab.1.0.0.dylib
0x00007fff785fc000 	/usr/lib/libgermantok.dylib
0x00007fff77aad000 	/usr/lib/libThaiTokenizer.dylib
0x00007fff77559000 	/usr/lib/libChineseTokenizer.dylib
0x00007fff6c526000 	/System/Library/PrivateFrameworks/LanguageModeling.framework/Versions/A/LanguageModeling
0x00007fff6229f000 	/System/Library/PrivateFrameworks/CoreEmoji.framework/Versions/A/CoreEmoji
0x00007fff6c602000 	/System/Library/PrivateFrameworks/Lexicon.framework/Versions/A/Lexicon
0x00007fff6c645000 	/System/Library/PrivateFrameworks/LinguisticData.framework/Versions/A/LinguisticData
0x00007fff77cde000 	/usr/lib/libcmph.dylib
0x00007fff5a3b0000 	/System/Library/Frameworks/ServiceManagement.framework/Versions/A/ServiceManagement
0x00007fff5f848000 	/System/Library/PrivateFrameworks/BackgroundTaskManagement.framework/Versions/A/BackgroundTaskManagement
0x00007fff7a0ad000 	/usr/lib/libxslt.1.dylib
0x00007fff4e0df000 	/System/Library/Frameworks/Carbon.framework/Versions/A/Frameworks/Ink.framework/Versions/A/Ink
0x00007fff755eb000 	/System/Library/PrivateFrameworks/TextureIO.framework/Versions/A/TextureIO
0x00007fff77b01000 	/usr/lib/libate.dylib
0x00007fff6357e000 	/System/Library/PrivateFrameworks/CrashReporterSupport.framework/Versions/A/CrashReporterSupport
0x00007fff72d2a000 	/System/Library/PrivateFrameworks/Sharing.framework/Versions/A/Sharing
0x00007fff5f59a000 	/System/Library/PrivateFrameworks/AuthKit.framework/Versions/A/AuthKit
0x00007fff5eaee000 	/System/Library/PrivateFrameworks/Apple80211.framework/Versions/A/Apple80211
0x00007fff63328000 	/System/Library/PrivateFrameworks/CoreUtils.framework/Versions/A/CoreUtils
0x00007fff50893000 	/System/Library/Frameworks/CoreWLAN.framework/Versions/A/CoreWLAN
0x00007fff5128f000 	/System/Library/Frameworks/IOBluetooth.framework/Versions/A/IOBluetooth
0x00007fff711ae000 	/System/Library/PrivateFrameworks/ProtocolBuffer.framework/Versions/A/ProtocolBuffer
0x00007fff6d5c4000 	/System/Library/PrivateFrameworks/MobileKeyBag.framework/Versions/A/MobileKeyBag
0x00007fff62b6c000 	/System/Library/PrivateFrameworks/CorePhoneNumbers.framework/Versions/A/CorePhoneNumbers
0x00007fff5ed4d000 	/System/Library/PrivateFrameworks/AppleIDAuthSupport.framework/Versions/A/AppleIDAuthSupport
0x00007fff6c4f9000 	/System/Library/PrivateFrameworks/KeychainCircle.framework/Versions/A/KeychainCircle
0x00007fff71364000 	/System/Library/PrivateFrameworks/ROCKit.framework/Versions/A/ROCKit
0x00007fff6351a000 	/System/Library/PrivateFrameworks/CoreWiFi.framework/Versions/A/CoreWiFi
0x00007fff4e62a000 	/System/Library/Frameworks/CoreBluetooth.framework/Versions/A/CoreBluetooth
0x00007fff63775000 	/System/Library/PrivateFrameworks/DebugSymbols.framework/Versions/A/DebugSymbols
0x00007fff630e8000 	/System/Library/PrivateFrameworks/CoreSymbolication.framework/Versions/A/CoreSymbolication
0x00007fff74e06000 	/System/Library/PrivateFrameworks/Symbolication.framework/Versions/A/Symbolication
0x00007fff746a9000 	/System/Library/PrivateFrameworks/SpeechRecognitionCore.framework/Versions/A/SpeechRecognitionCore
0x0000000101f33000 	/Library/Java/JavaVirtualMachines/jdk-13.0.1.jdk/Contents/Home/lib/server/libjvm.dylib
0x0000000102d14000 	/Library/Java/JavaVirtualMachines/jdk-13.0.1.jdk/Contents/Home/lib/libverify.dylib
0x0000000102d20000 	/Library/Java/JavaVirtualMachines/jdk-13.0.1.jdk/Contents/Home/lib/libjava.dylib
0x0000000102d5d000 	/Library/Java/JavaVirtualMachines/jdk-13.0.1.jdk/Contents/Home/lib/libinstrument.dylib
0x0000000102de0000 	/Library/Java/JavaVirtualMachines/jdk-13.0.1.jdk/Contents/Home/lib/libzip.dylib
0x0000000102de7000 	/Library/Java/JavaVirtualMachines/jdk-13.0.1.jdk/Contents/Home/lib/libjimage.dylib
0x0000000111b3b000 	/Library/Java/JavaVirtualMachines/jdk-13.0.1.jdk/Contents/Home/lib/libnio.dylib
0x0000000111b49000 	/Library/Java/JavaVirtualMachines/jdk-13.0.1.jdk/Contents/Home/lib/./libnet.dylib
0x0000000111be4000 	/Library/Java/JavaVirtualMachines/jdk-13.0.1.jdk/Contents/Home/lib/libextnet.dylib
0x0000000111be7000 	/Library/Java/JavaVirtualMachines/jdk-13.0.1.jdk/Contents/Home/lib/libawt.dylib
0x0000000111c7d000 	/Library/Java/JavaVirtualMachines/jdk-13.0.1.jdk/Contents/Home/lib/./libmlib_image.dylib
0x00007fff52c1c000 	/System/Library/Frameworks/JavaVM.framework/Versions/A/Frameworks/JavaNativeFoundation.framework/Versions/A/JavaNativeFoundation
0x00007fff52c25000 	/System/Library/Frameworks/JavaVM.framework/Versions/A/Frameworks/JavaRuntimeSupport.framework/Versions/A/JavaRuntimeSupport
0x00007fff52c2e000 	/System/Library/Frameworks/JavaVM.framework/Versions/A/JavaVM
0x00007fff6c417000 	/System/Library/PrivateFrameworks/JavaLaunching.framework/Versions/A/JavaLaunching
0x00007fff4ddd9000 	/System/Library/Frameworks/Carbon.framework/Versions/A/Carbon
0x00007fff4ddda000 	/System/Library/Frameworks/Carbon.framework/Versions/A/Frameworks/CommonPanels.framework/Versions/A/CommonPanels
0x00007fff4e0d5000 	/System/Library/Frameworks/Carbon.framework/Versions/A/Frameworks/Help.framework/Versions/A/Help
0x00007fff4e0d9000 	/System/Library/Frameworks/Carbon.framework/Versions/A/Frameworks/ImageCapture.framework/Versions/A/ImageCapture
0x00007fff4e175000 	/System/Library/Frameworks/Carbon.framework/Versions/A/Frameworks/OpenScripting.framework/Versions/A/OpenScripting
0x00007fff4e1ad000 	/System/Library/Frameworks/Carbon.framework/Versions/A/Frameworks/Print.framework/Versions/A/Print
0x00007fff4e1af000 	/System/Library/Frameworks/Carbon.framework/Versions/A/Frameworks/SecurityHI.framework/Versions/A/SecurityHI
0x0000000122dc6000 	/Library/Java/JavaVirtualMachines/jdk-13.0.1.jdk/Contents/Home/lib/libawt_lwawt.dylib
0x0000000122e70000 	/Library/Java/JavaVirtualMachines/jdk-13.0.1.jdk/Contents/Home/lib/./libosxapp.dylib
0x00007fff50d1d000 	/System/Library/Frameworks/ExceptionHandling.framework/Versions/A/ExceptionHandling
0x0000000122e8b000 	/Library/Java/JavaVirtualMachines/jdk-13.0.1.jdk/Contents/Home/lib/libfontmanager.dylib
0x0000000122f89000 	/Library/Java/JavaVirtualMachines/jdk-13.0.1.jdk/Contents/Home/lib/./libfreetype.dylib
0x00007fff62cf0000 	/System/Library/PrivateFrameworks/CoreServicesInternal.framework/Versions/A/CoreServicesInternal
0x00007fff432d7000 	/System/Library/CoreServices/RawCamera.bundle/Contents/MacOS/RawCamera
0x00007fff6d40b000 	/System/Library/PrivateFrameworks/MobileAsset.framework/Versions/A/MobileAsset
0x00007fff74d54000 	/System/Library/PrivateFrameworks/StreamingZip.framework/Versions/A/StreamingZip
0x00007fff52fc0000 	/System/Library/Frameworks/MediaToolbox.framework/Versions/A/MediaToolbox
0x00007fff61e44000 	/System/Library/PrivateFrameworks/CoreAVCHD.framework/Versions/A/CoreAVCHD
0x00007fff52f06000 	/System/Library/Frameworks/MediaAccessibility.framework/Versions/A/MediaAccessibility
0x00007fff6ce68000 	/System/Library/PrivateFrameworks/Mangrove.framework/Versions/A/Mangrove
0x00007fff4fbb6000 	/System/Library/Frameworks/CoreMedia.framework/Versions/A/CoreMedia
0x00007fff5aa18000 	/System/Library/Frameworks/VideoToolbox.framework/Versions/A/VideoToolbox
0x00007fff61a60000 	/System/Library/PrivateFrameworks/CoreAUC.framework/Versions/A/CoreAUC
0x00007fff79bbc000 	/usr/lib/libspindump.dylib
0x00007fff5f11c000 	/System/Library/PrivateFrameworks/AppleVA.framework/Versions/A/AppleVA
0x00007fff4af35000 	/System/Library/Frameworks/Accelerate.framework/Versions/A/Frameworks/vImage.framework/Versions/A/Libraries/libCGInterfaces.dylib
0x00007fff4d228000 	/System/Library/Frameworks/ApplicationServices.framework/Versions/A/Frameworks/ATS.framework/Versions/A/Resources/libTrueTypeScaler.dylib
0x00007fff480f7000 	/System/Library/Extensions/AppleIntelKBLGraphicsMTLDriver.bundle/Contents/MacOS/AppleIntelKBLGraphicsMTLDriver
0x00007fff684fa000 	/System/Library/PrivateFrameworks/GPUCompiler.framework/Versions/3902/Libraries/libmetal_timestamp.dylib
0x00007fff765a2000 	/System/Library/PrivateFrameworks/ViewBridge.framework/Versions/A/ViewBridge
0x000000012785b000 	/Users/theomartinez/Cours/Java/Projet/NinjaTurtles/library/native/macosx/liblwjgl.dylib
0x0000000124fad000 	/Library/Java/JavaVirtualMachines/jdk-13.0.1.jdk/Contents/Home/lib/libjawt.dylib
0x00007fff58765000 	/System/Library/Frameworks/OpenGL.framework/Versions/A/Resources/GLEngine.bundle/GLEngine
0x00007fff57c07000 	/System/Library/Frameworks/OpenGL.framework/Versions/A/Libraries/libGLProgrammability.dylib
0x00007fff47322000 	/System/Library/Extensions/AppleIntelKBLGraphicsGLDriver.bundle/Contents/MacOS/AppleIntelKBLGraphicsGLDriver
0x00007fff69b8f000 	/System/Library/PrivateFrameworks/GPUSupport.framework/Versions/A/Libraries/libGPUSupportMercury.dylib
0x00007fff588fd000 	/System/Library/Frameworks/OpenGL.framework/Versions/A/Resources/GLRendererFloat.bundle/GLRendererFloat
0x00007fff571d1000 	/System/Library/Frameworks/OpenCL.framework/Versions/A/Libraries/libcldcpuengine.dylib
0x00007fff78132000 	/usr/lib/libcrypto.35.dylib
0x00007fff75769000 	/System/Library/PrivateFrameworks/TrustEvaluationAgent.framework/Versions/A/TrustEvaluationAgent
0x00000001278e0000 	/usr/lib/libobjc-trampolines.dylib


VM Arguments:
jvm_args: -Djava.library.path=library/native/macosx -javaagent:/Applications/IntelliJ IDEA.app/Contents/lib/idea_rt.jar=52419:/Applications/IntelliJ IDEA.app/Contents/bin -Dfile.encoding=UTF-8 
java_command: com.company.Main
java_class_path (initial): /Users/theomartinez/Cours/Java/Projet/NinjaTurtles/out/production/NinjaTurtles:/Users/theomartinez/Cours/Java/Projet/NinjaTurtles/library/slick.jar:/Users/theomartinez/Cours/Java/Projet/NinjaTurtles/library/jorbis-0.0.15.jar:/Users/theomartinez/Cours/Java/Projet/NinjaTurtles/library/jogg-0.0.7.jar:/Users/theomartinez/Cours/Java/Projet/NinjaTurtles/library/jar/trident-7.2.1.jar:/Users/theomartinez/Cours/Java/Projet/NinjaTurtles/library/jar/substance-7.2.1.jar:/Users/theomartinez/Cours/Java/Projet/NinjaTurtles/library/jar/lzma.jar:/Users/theomartinez/Cours/Java/Projet/NinjaTurtles/library/jar/lwjgl_util_applet.jar:/Users/theomartinez/Cours/Java/Projet/NinjaTurtles/library/jar/lwjgl_util.jar:/Users/theomartinez/Cours/Java/Projet/NinjaTurtles/library/jar/lwjgl_test.jar:/Users/theomartinez/Cours/Java/Projet/NinjaTurtles/library/jar/lwjgl.jar:/Users/theomartinez/Cours/Java/Projet/NinjaTurtles/library/jar/lwjgl-debug.jar:/Users/theomartinez/Cours/Java/Projet/NinjaTurtles/library/jar/log4j-api-2.0-beta9.jar:/Users/theomartinez/Cours/Java/Projet/NinjaTurtles/library/jar/laf-widget-7.2.1.jar:/Users/theomartinez/Cours/Java/Projet/NinjaTurtles/library/jar/laf-plugin-7.2.1.jar:/Users/theomartinez/Cours/Java/Projet/NinjaTurtles/library/jar/jinput.jar:/Users/theomartinez/Cours/Java/Projet/NinjaTurtles/library/jar/asm-debug-all.jar:/Users/theomartinez/Cours/Java/Projet/NinjaTurtles/library/jar/AppleJavaExtensions.jar
Launcher Type: SUN_STANDARD

[Global flags]
     intx CICompilerCount                          = 3                                         {product} {ergonomic}
     uint ConcGCThreads                            = 1                                         {product} {ergonomic}
     uint G1ConcRefinementThreads                  = 4                                         {product} {ergonomic}
   size_t G1HeapRegionSize                         = 1048576                                   {product} {ergonomic}
    uintx GCDrainStackTargetSize                   = 64                                        {product} {ergonomic}
   size_t InitialHeapSize                          = 134217728                                 {product} {ergonomic}
   size_t MarkStackSize                            = 4194304                                   {product} {ergonomic}
   size_t MaxHeapSize                              = 2147483648                                {product} {ergonomic}
   size_t MaxNewSize                               = 1287651328                                {product} {ergonomic}
   size_t MinHeapDeltaBytes                        = 1048576                                   {product} {ergonomic}
   size_t MinHeapSize                              = 8388608                                   {product} {ergonomic}
    uintx NonNMethodCodeHeapSize                   = 5830732                                {pd product} {ergonomic}
    uintx NonProfiledCodeHeapSize                  = 122913754                              {pd product} {ergonomic}
    uintx ProfiledCodeHeapSize                     = 122913754                              {pd product} {ergonomic}
    uintx ReservedCodeCacheSize                    = 251658240                              {pd product} {ergonomic}
     bool SegmentedCodeCache                       = true                                      {product} {ergonomic}
   size_t SoftMaxHeapSize                          = 2147483648                             {manageable} {ergonomic}
     bool UseCompressedClassPointers               = true                                 {lp64_product} {ergonomic}
     bool UseCompressedOops                        = true                                 {lp64_product} {ergonomic}
     bool UseG1GC                                  = true                                      {product} {ergonomic}

Logging:
Log output configuration:
 #0: stdout all=warning uptime,level,tags
 #1: stderr all=off uptime,level,tags

Environment Variables:
PATH=/anaconda3/bin:/opt/local/bin:/opt/local/sbin://anaconda/bin:/Library/Frameworks/Python.framework/Versions/3.5/bin:/usr/local/bin:/usr/bin:/bin:/usr/sbin:/sbin:/usr/local/share/dotnet:~/.dotnet/tools:/Library/Frameworks/Mono.framework/Versions/Current/Commands
SHELL=/bin/bash

Signal Handlers:
SIGSEGV: [libjvm.dylib+0x781570], sa_mask[0]=11111111011111110111111111111111, sa_flags=SA_ONSTACK|SA_RESTART|SA_SIGINFO
SIGBUS: [libjvm.dylib+0x781570], sa_mask[0]=11111111011111110111111111111111, sa_flags=SA_RESTART|SA_SIGINFO
SIGFPE: [libjvm.dylib+0x781570], sa_mask[0]=11111111011111110111111111111111, sa_flags=SA_RESTART|SA_SIGINFO
SIGPIPE: [libjvm.dylib+0x627f75], sa_mask[0]=11111111011111110111111111111111, sa_flags=SA_RESTART|SA_SIGINFO
SIGXFSZ: [libjvm.dylib+0x627f75], sa_mask[0]=11111111011111110111111111111111, sa_flags=SA_RESTART|SA_SIGINFO
SIGILL: [libjvm.dylib+0x781570], sa_mask[0]=11111111011111110111111111111111, sa_flags=SA_RESTART|SA_SIGINFO
SIGUSR2: [libjvm.dylib+0x62855f], sa_mask[0]=00100000000000000000000000000000, sa_flags=SA_RESTART|SA_SIGINFO
SIGHUP: [libjvm.dylib+0x62754d], sa_mask[0]=11111111011111110111111111111111, sa_flags=SA_RESTART|SA_SIGINFO
SIGINT: [libjvm.dylib+0x62754d], sa_mask[0]=11111111011111110111111111111111, sa_flags=SA_RESTART|SA_SIGINFO
SIGTERM: [libjvm.dylib+0x62754d], sa_mask[0]=11111111011111110111111111111111, sa_flags=SA_RESTART|SA_SIGINFO
SIGQUIT: [libjvm.dylib+0x62754d], sa_mask[0]=11111111011111110111111111111111, sa_flags=SA_RESTART|SA_SIGINFO


---------------  S Y S T E M  ---------------

OS:uname:Darwin 18.6.0 Darwin Kernel Version 18.6.0: Thu Apr 25 23:16:27 PDT 2019; root:xnu-4903.261.4~2/RELEASE_X86_64 x86_64
rlimit: STACK 8192k, CORE 0k, NPROC 709, NOFILE 10240, AS infinity, DATA infinity, FSIZE infinity
load average:3.62 2.95 2.79

CPU:total 4 (initial active 4) (2 cores per cpu, 2 threads per core) family 6 model 142 stepping 9, cmov, cx8, fxsr, mmx, sse, sse2, sse3, ssse3, sse4.1, sse4.2, popcnt, avx, avx2, aes, clmul, erms, rtm, 3dnowpref, lzcnt, ht, tsc, tscinvbit, bmi1, bmi2, adx, fma

Memory: 4k page, physical 8388608k(278656k free), swap 2097152k(637184k free)

vm_info: Java HotSpot(TM) 64-Bit Server VM (13.0.1+9) for bsd-amd64 JRE (13.0.1+9), built on Oct  6 2019 11:43:59 by "mach5one" with clang 4.2.1 Compatible Apple LLVM 10.0.0 (clang-1000.11.45.5)

END.
