#
# A fatal error has been detected by the Java Runtime Environment:
#
#  SIGSEGV (0xb) at pc=0x0000000000000000, pid=30116, tid=91911
#
# JRE version: Java(TM) SE Runtime Environment (13.0.1+9) (build 13.0.1+9)
# Java VM: Java HotSpot(TM) 64-Bit Server VM (13.0.1+9, mixed mode, sharing, tiered, compressed oops, g1 gc, bsd-amd64)
# Problematic frame:
# C  0x0000000000000000
#
# No core dump will be written. Core dumps have been disabled. To enable core dumping, try "ulimit -c unlimited" before starting Java again
#
# If you would like to submit a bug report, please visit:
#   http://bugreport.java.com/bugreport/crash.jsp
#

---------------  S U M M A R Y ------------

Command Line: -agentlib:jdwp=transport=dt_socket,address=127.0.0.1:64714,suspend=y,server=n -Djava.library.path=library/native/macosx -javaagent:/Users/theomartinez/Library/Caches/IntelliJIdea2019.3/captureAgent/debugger-agent.jar -Dfile.encoding=UTF-8 com.company.Main

Host: MacBookPro14,1 x86_64 2300 MHz, 4 cores, 8G, Darwin 18.6.0
Time: Tue Jan 21 20:56:51 2020 CET elapsed time: 494 seconds (0d 0h 8m 14s)

---------------  T H R E A D  ---------------

Current thread is native thread

Stack: [0x000070000c869000,0x000070000c8e9000],  sp=0x000070000c8e8998,  free space=510k

siginfo: si_signo: 11 (SIGSEGV), si_code: 1 (SEGV_MAPERR), si_addr: 0x0000000000000000

Register to memory mapping:

RAX=
[error occurred during error reporting (printing register info), id 0xb, SIGSEGV (0xb) at pc=0x00000001043371aa]

Registers:
RAX=0x0000000129353508, RBX=0x00000000000161b0, RCX=0x0000000000000010, RDX=0xfffffffffffffff0
RSP=0x000070000c8e8998, RBP=0x000070000c8e8a40, RSI=0x0000000000000000, RDI=0x0000000129366000
R8 =0x0000000000000200, R9 =0x00007f86fd009b60, R10=0x00007f86fa9d4830, R11=0xfffffffffffffef0
R12=0x00007f86fd009c70, R13=0x0000000129366000, R14=0x00007f86fd009b60, R15=0x0000000000000800
RIP=0x0000000000000000, EFLAGS=0x0000000000010246, ERR=0x0000000000000014
  TRAPNO=0x000000000000000e

Top of Stack: (sp=0x000070000c8e8998)
0x000070000c8e8998:   0000000129325639 0000000000000000
0x000070000c8e89a8:   0000000000000000 000000012936e1b0
0x000070000c8e89b8:   0000000128883010 000000012936c1b0
0x000070000c8e89c8:   0000020000000000 0000000000000000
0x000070000c8e89d8:   0000000000000800 0000000000000200
0x000070000c8e89e8:   000000012936a1b0 0000000129366000
0x000070000c8e89f8:   0000020000000000 000070000c8e8ab0
0x000070000c8e8a08:   00007fff0000037f c0bebaede89b00ec
0x000070000c8e8a18:   00007f86f9de6bb0 00007f86fd009c70
0x000070000c8e8a28:   00007f86f9de6b30 00007f86fd009b60
0x000070000c8e8a38:   00007f86f9de6bb0 000070000c8e8a50
0x000070000c8e8a48:   00000001293352ef 000070000c8e8ad0
0x000070000c8e8a58:   000000012a83ea3f 0000000000001400
0x000070000c8e8a68:   00007f86f9de7f00 00007f86fa9d4600
0x000070000c8e8a78:   00007f86f9de6b30 0000020003247080
0x000070000c8e8a88:   00007f86fa9d47f8 000070000c8e8c18
0x000070000c8e8a98:   000070000c8e8c90 0000700000000000
0x000070000c8e8aa8:   000070000c8e8c90 00007f86fa9d4600
0x000070000c8e8ab8:   00007f86f9de7e80 00007f86fc572750
0x000070000c8e8ac8:   0000000000000200 000070000c8e8b20
0x000070000c8e8ad8:   000000012a95a587 00007f86f9df129c
0x000070000c8e8ae8:   000070000c8e8c18 000000000c8e8be0
0x000070000c8e8af8:   0000000000001000 00007f86fa9d4600
0x000070000c8e8b08:   000070000c8e8c18 0000000000000000
0x000070000c8e8b18:   0000000000000001 000070000c8e8bf0
0x000070000c8e8b28:   000000012a959ce7 00007f86fc572750
0x000070000c8e8b38:   00007f86fd012a98 00001fa000000000
0x000070000c8e8b48:   000070000c8e8c90 00007f86f9de7e80
0x000070000c8e8b58:   00007f86fc572750 00007f86fa9d4600
0x000070000c8e8b68:   0000020000000000 0000000000009fe0
0x000070000c8e8b78:   0000000000000000 00007f86fa9d48e8
0x000070000c8e8b88:   00007f86fa9d48e8 000070000c8e8bd0 

Instructions: (pc=0x0000000000000000)
0xffffffffffffff00:   


Stack slot to memory mapping:
stack at sp + 0 slots: 
[error occurred during error reporting (inspecting top of stack), id 0xb, SIGSEGV (0xb) at pc=0x00000001043371aa]


---------------  P R O C E S S  ---------------

VM state:at safepoint (shutting down)

VM Mutex/Monitor currently owned by a thread:  ([mutex/lock_event])
[0x00007f86f9e050f0] Threads_lock - owner thread: 0x00007f86fa0a4000
[0x00007f86f9e060f0] Heap_lock - owner thread: 0x00007f86faee6800

Heap address: 0x0000000780000000, size: 2048 MB, Compressed Oops mode: Zero based, Oop shift amount: 3
Narrow klass base: 0x0000000800000000, Narrow klass shift: 3
Compressed class space size: 1073741824 Address: 0x0000000800ae0000

Heap:
 garbage-first heap   total 133120K, used 96137K [0x0000000780000000, 0x0000000800000000)
  region size 1024K, 26 young (26624K), 3 survivors (3072K)
 Metaspace       used 7761K, capacity 7973K, committed 8320K, reserved 1056768K
  class space    used 702K, capacity 773K, committed 896K, reserved 1048576K
Heap Regions: E=young(eden), S=young(survivor), O=old, HS=humongous(starts), HC=humongous(continues), CS=collection set, F=free, A=archive, TAMS=top-at-mark-start (previous, next)
|   0|0x0000000780000000, 0x0000000780100000, 0x0000000780100000|100%| O|  |TAMS 0x0000000780100000, 0x0000000780000000| Untracked 
|   1|0x0000000780100000, 0x0000000780200000, 0x0000000780200000|100%| O|  |TAMS 0x0000000780200000, 0x0000000780100000| Untracked 
|   2|0x0000000780200000, 0x0000000780300000, 0x0000000780300000|100%| O|  |TAMS 0x00000007802aa800, 0x0000000780200000| Untracked 
|   3|0x0000000780300000, 0x0000000780300000, 0x0000000780400000|  0%| F|  |TAMS 0x0000000780300000, 0x0000000780300000| Untracked 
|   4|0x0000000780400000, 0x0000000780400000, 0x0000000780500000|  0%| F|  |TAMS 0x0000000780400000, 0x0000000780400000| Untracked 
|   5|0x0000000780500000, 0x0000000780600000, 0x0000000780600000|100%| O|  |TAMS 0x0000000780500000, 0x0000000780500000| Untracked 
|   6|0x0000000780600000, 0x000000078069d600, 0x0000000780700000| 61%| O|  |TAMS 0x0000000780600000, 0x0000000780600000| Untracked 
|   7|0x0000000780700000, 0x0000000780800000, 0x0000000780800000|100%|HS|  |TAMS 0x0000000780700000, 0x0000000780700000| Complete 
|   8|0x0000000780800000, 0x0000000780900000, 0x0000000780900000|100%|HC|  |TAMS 0x0000000780800000, 0x0000000780800000| Complete 
|   9|0x0000000780900000, 0x0000000780a00000, 0x0000000780a00000|100%